# JRE version: OpenJDK Runtime Environment (8.0_252-b09) (build 1.8.0_252-8u252-b09-1~16.04-b09)
# Java VM: OpenJDK 64-Bit Server VM (25.252-b09 mixed mode linux-amd64 compressed oops)
Heap:
 def new generation   total 24192K, used 0K [0x00000000bb200000, 0x00000000bcc40000, 0x00000000d2150000)
  eden space 21504K,   0% used [0x00000000bb200000, 0x00000000bb200000, 0x00000000bc700000)
  from space 2688K,   0% used [0x00000000bc9a0000, 0x00000000bc9a0000, 0x00000000bcc40000)
  to   space 2688K,   0% used [0x00000000bc700000, 0x00000000bc700000, 0x00000000bc9a0000)
 tenured generation   total 56136K, used 56062K [0x00000000d2150000, 0x00000000d5822000, 0x0000000100000000)
   the space 56136K,  99% used [0x00000000d2150000, 0x00000000d580fb60, 0x00000000d580fc00, 0x00000000d5822000)
 Metaspace       used 25128K, capacity 25660K, committed 25984K, reserved 1073152K
  class space    used 2761K, capacity 2895K, committed 2944K, reserved 1048576K
GC Heap History (10 events):
Event: 51,796 GC heap after
Heap after GC invocations=27 (full 1):
 def new generation   total 24192K, used 1051K [0x00000000bb200000, 0x00000000bcc40000, 0x00000000d2150000)
  eden space 21504K,   0% used [0x00000000bb200000, 0x00000000bb200000, 0x00000000bc700000)
  from space 2688K,  39% used [0x00000000bc700000, 0x00000000bc806df8, 0x00000000bc9a0000)
  to   space 2688K,   0% used [0x00000000bc9a0000, 0x00000000bc9a0000, 0x00000000bcc40000)
 tenured generation   total 53640K, used 49948K [0x00000000d2150000, 0x00000000d55b2000, 0x0000000100000000)
   the space 53640K,  93% used [0x00000000d2150000, 0x00000000d5217220, 0x00000000d5217400, 0x00000000d55b2000)
 Metaspace       used 23681K, capacity 24342K, committed 24576K, reserved 1071104K
  class space    used 2628K, capacity 2798K, committed 2816K, reserved 1048576K
}
Event: 57,906 GC heap before
{Heap before GC invocations=27 (full 1):
 def new generation   total 24192K, used 22533K [0x00000000bb200000, 0x00000000bcc40000, 0x00000000d2150000)
  eden space 21504K,  99% used [0x00000000bb200000, 0x00000000bc6fa970, 0x00000000bc700000)
  from space 2688K,  39% used [0x00000000bc700000, 0x00000000bc806df8, 0x00000000bc9a0000)
  to   space 2688K,   0% used [0x00000000bc9a0000, 0x00000000bc9a0000, 0x00000000bcc40000)
 tenured generation   total 53640K, used 49948K [0x00000000d2150000, 0x00000000d55b2000, 0x0000000100000000)
   the space 53640K,  93% used [0x00000000d2150000, 0x00000000d5217220, 0x00000000d5217400, 0x00000000d55b2000)
 Metaspace       used 24261K, capacity 24854K, committed 24960K, reserved 1071104K
  class space    used 2704K, capacity 2862K, committed 2944K, reserved 1048576K
Event: 57,924 GC heap after
Heap after GC invocations=28 (full 1):
 def new generation   total 24192K, used 1431K [0x00000000bb200000, 0x00000000bcc40000, 0x00000000d2150000)
  eden space 21504K,   0% used [0x00000000bb200000, 0x00000000bb200000, 0x00000000bc700000)
  from space 2688K,  53% used [0x00000000bc9a0000, 0x00000000bcb05c68, 0x00000000bcc40000)
  to   space 2688K,   0% used [0x00000000bc700000, 0x00000000bc700000, 0x00000000bc9a0000)
 tenured generation   total 53640K, used 49948K [0x00000000d2150000, 0x00000000d55b2000, 0x0000000100000000)
   the space 53640K,  93% used [0x00000000d2150000, 0x00000000d5217220, 0x00000000d5217400, 0x00000000d55b2000)
 Metaspace       used 24261K, capacity 24854K, committed 24960K, reserved 1071104K
  class space    used 2704K, capacity 2862K, committed 2944K, reserved 1048576K
}
Event: 63,853 GC heap before
{Heap before GC invocations=28 (full 1):
 def new generation   total 24192K, used 22935K [0x00000000bb200000, 0x00000000bcc40000, 0x00000000d2150000)
  eden space 21504K, 100% used [0x00000000bb200000, 0x00000000bc700000, 0x00000000bc700000)
  from space 2688K,  53% used [0x00000000bc9a0000, 0x00000000bcb05c68, 0x00000000bcc40000)
  to   space 2688K,   0% used [0x00000000bc700000, 0x00000000bc700000, 0x00000000bc9a0000)
 tenured generation   total 53640K, used 49948K [0x00000000d2150000, 0x00000000d55b2000, 0x0000000100000000)
   the space 53640K,  93% used [0x00000000d2150000, 0x00000000d5217220, 0x00000000d5217400, 0x00000000d55b2000)
 Metaspace       used 24812K, capacity 25404K, committed 25728K, reserved 1073152K
  class space    used 2760K, capacity 2895K, committed 2944K, reserved 1048576K
Event: 64,081 GC heap after
Heap after GC invocations=29 (full 1):
 def new generation   total 24192K, used 1123K [0x00000000bb200000, 0x00000000bcc40000, 0x00000000d2150000)
  eden space 21504K,   0% used [0x00000000bb200000, 0x00000000bb200000, 0x00000000bc700000)
  from space 2688K,  41% used [0x00000000bc700000, 0x00000000bc818fd0, 0x00000000bc9a0000)
  to   space 2688K,   0% used [0x00000000bc9a0000, 0x00000000bc9a0000, 0x00000000bcc40000)
 tenured generation   total 53640K, used 50473K [0x00000000d2150000, 0x00000000d55b2000, 0x0000000100000000)
   the space 53640K,  94% used [0x00000000d2150000, 0x00000000d529a6f8, 0x00000000d529a800, 0x00000000d55b2000)
 Metaspace       used 24812K, capacity 25404K, committed 25728K, reserved 1073152K
  class space    used 2760K, capacity 2895K, committed 2944K, reserved 1048576K
}
Event: 70,920 GC heap before
{Heap before GC invocations=29 (full 1):
 def new generation   total 24192K, used 22627K [0x00000000bb200000, 0x00000000bcc40000, 0x00000000d2150000)
  eden space 21504K, 100% used [0x00000000bb200000, 0x00000000bc700000, 0x00000000bc700000)
  from space 2688K,  41% used [0x00000000bc700000, 0x00000000bc818fd0, 0x00000000bc9a0000)
  to   space 2688K,   0% used [0x00000000bc9a0000, 0x00000000bc9a0000, 0x00000000bcc40000)
 tenured generation   total 53640K, used 50473K [0x00000000d2150000, 0x00000000d55b2000, 0x0000000100000000)
   the space 53640K,  94% used [0x00000000d2150000, 0x00000000d529a6f8, 0x00000000d529a800, 0x00000000d55b2000)
 Metaspace       used 24957K, capacity 25532K, committed 25728K, reserved 1073152K
  class space    used 2761K, capacity 2895K, committed 2944K, reserved 1048576K
Event: 70,943 GC heap after
Heap after GC invocations=30 (full 1):
 def new generation   total 24192K, used 2687K [0x00000000bb200000, 0x00000000bcc40000, 0x00000000d2150000)
  eden space 21504K,   0% used [0x00000000bb200000, 0x00000000bb200000, 0x00000000bc700000)
  from space 2688K,  99% used [0x00000000bc9a0000, 0x00000000bcc3fff8, 0x00000000bcc40000)
  to   space 2688K,   0% used [0x00000000bc700000, 0x00000000bc700000, 0x00000000bc9a0000)
 tenured generation   total 53640K, used 50804K [0x00000000d2150000, 0x00000000d55b2000, 0x0000000100000000)
   the space 53640K,  94% used [0x00000000d2150000, 0x00000000d52ed140, 0x00000000d52ed200, 0x00000000d55b2000)
 Metaspace       used 24957K, capacity 25532K, committed 25728K, reserved 1073152K
  class space    used 2761K, capacity 2895K, committed 2944K, reserved 1048576K
}
Event: 77,890 GC heap before
{Heap before GC invocations=30 (full 1):
 def new generation   total 24192K, used 24191K [0x00000000bb200000, 0x00000000bcc40000, 0x00000000d2150000)
  eden space 21504K, 100% used [0x00000000bb200000, 0x00000000bc700000, 0x00000000bc700000)
  from space 2688K,  99% used [0x00000000bc9a0000, 0x00000000bcc3fff8, 0x00000000bcc40000)
  to   space 2688K,   0% used [0x00000000bc700000, 0x00000000bc700000, 0x00000000bc9a0000)
 tenured generation   total 53640K, used 50804K [0x00000000d2150000, 0x00000000d55b2000, 0x0000000100000000)
   the space 53640K,  94% used [0x00000000d2150000, 0x00000000d52ed140, 0x00000000d52ed200, 0x00000000d55b2000)
 Metaspace       used 25063K, capacity 25596K, committed 25728K, reserved 1073152K
  class space    used 2761K, capacity 2895K, committed 2944K, reserved 1048576K
Event: 79,840 GC heap after
Heap after GC invocations=31 (full 1):
 def new generation   total 24192K, used 2359K [0x00000000bb200000, 0x00000000bcc40000, 0x00000000d2150000)
  eden space 21504K,   0% used [0x00000000bb200000, 0x00000000bb200000, 0x00000000bc700000)
  from space 2688K,  87% used [0x00000000bc700000, 0x00000000bc94dc68, 0x00000000bc9a0000)
  to   space 2688K,   0% used [0x00000000bc9a0000, 0x00000000bc9a0000, 0x00000000bcc40000)
 tenured generation   total 53640K, used 53234K [0x00000000d2150000, 0x00000000d55b2000, 0x0000000100000000)
   the space 53640K,  99% used [0x00000000d2150000, 0x00000000d554cbc0, 0x00000000d554cc00, 0x00000000d55b2000)
 Metaspace       used 25063K, capacity 25596K, committed 25728K, reserved 1073152K
  class space    used 2761K, capacity 2895K, committed 2944K, reserved 1048576K
}
Event: 89,254 GC heap before
{Heap before GC invocations=31 (full 1):
 def new generation   total 24192K, used 23863K [0x00000000bb200000, 0x00000000bcc40000, 0x00000000d2150000)
  eden space 21504K, 100% used [0x00000000bb200000, 0x00000000bc700000, 0x00000000bc700000)
  from space 2688K,  87% used [0x00000000bc700000, 0x00000000bc94dc68, 0x00000000bc9a0000)
  to   space 2688K,   0% used [0x00000000bc9a0000, 0x00000000bc9a0000, 0x00000000bcc40000)
 tenured generation   total 53640K, used 53234K [0x00000000d2150000, 0x00000000d55b2000, 0x0000000100000000)
   the space 53640K,  99% used [0x00000000d2150000, 0x00000000d554cbc0, 0x00000000d554cc00, 0x00000000d55b2000)
 Metaspace       used 25128K, capacity 25660K, committed 25984K, reserved 1073152K
  class space    used 2761K, capacity 2895K, committed 2944K, reserved 1048576K

